Log file open, 09/25/22 16:13:08
LogWindows: Failed to load 'aqProf.dll' (GetLastError=126)
LogWindows: File 'aqProf.dll' does not exist
LogWindows: Failed to load 'VtuneApi.dll' (GetLastError=126)
LogWindows: File 'VtuneApi.dll' does not exist
LogWindows: Failed to load 'VtuneApi32e.dll' (GetLastError=126)
LogWindows: File 'VtuneApi32e.dll' does not exist
LogConsoleResponse: Display: Failed to find resolution value strings in scalability ini. Falling back to default.
LogConsoleResponse: Display: Failed to find resolution value strings in scalability ini. Falling back to default.
LogInit: Display: Running engine for game: Sidescroller2D_Game
LogPlatformFile: Not using cached read wrapper
LogTaskGraph: Started task graph with 5 named threads and 71 total threads with 3 sets of task threads.
LogStats: Stats thread started at 0.227407
LogICUInternationalization: ICU TimeZone Detection - Raw Offset: -6:00, Platform Override: ''
LogInit: Display: Loading text-based GConfig....
LogPluginManager: Mounting plugin MeshPainting
LogPluginManager: Mounting plugin XGEController
LogPluginManager: Mounting plugin Paper2D
LogPluginManager: Mounting plugin LiveLink
LogPluginManager: Mounting plugin AISupport
LogPluginManager: Mounting plugin EnvironmentQueryEditor
LogPluginManager: Mounting plugin LightPropagationVolume
LogPluginManager: Mounting plugin GameplayCameras
LogPluginManager: Mounting plugin CameraShakePreviewer
LogPluginManager: Mounting plugin AnimationSharing
LogPluginManager: Mounting plugin OodleNetwork
LogPluginManager: Mounting plugin CLionSourceCodeAccess
LogPluginManager: Mounting plugin OodleData
LogPluginManager: Mounting plugin CodeLiteSourceCodeAccess
LogPluginManager: Mounting plugin GitSourceControl
LogPluginManager: Mounting plugin NullSourceCodeAccess
LogPluginManager: Mounting plugin PixWinPlugin
LogPluginManager: Mounting plugin KDevelopSourceCodeAccess
LogPluginManager: Mounting plugin PerforceSourceControl
LogPluginManager: Mounting plugin PlasticSourceControl
LogPluginManager: Mounting plugin PropertyAccessNode
LogPluginManager: Mounting plugin PluginUtils
LogPluginManager: Mounting plugin SubversionSourceControl
LogPluginManager: Mounting plugin UObjectPlugin
LogPluginManager: Mounting plugin RiderSourceCodeAccess
LogPluginManager: Mounting plugin TextureFormatOodle
LogPluginManager: Mounting plugin VisualStudioSourceCodeAccess
LogPluginManager: Mounting plugin BlueprintMaterialTextureNodes
LogPluginManager: Mounting plugin AssetManagerEditor
LogPluginManager: Mounting plugin VisualStudioCodeSourceCodeAccess
LogPluginManager: Mounting plugin Niagara
LogPluginManager: Mounting plugin CryptoKeys
LogPluginManager: Mounting plugin XCodeSourceCodeAccess
LogPluginManager: Mounting plugin DatasmithContent
LogPluginManager: Mounting plugin CurveEditorTools
LogPluginManager: Mounting plugin DataValidation
LogPluginManager: Mounting plugin GeometryMode
LogPluginManager: Mounting plugin FacialAnimation
LogPluginManager: Mounting plugin MacGraphicsSwitching
LogPluginManager: Mounting plugin MaterialAnalyzer
LogPluginManager: Mounting plugin GameplayTagsEditor
LogPluginManager: Mounting plugin SpeedTreeImporter
LogPluginManager: Mounting plugin BackChannel
LogPluginManager: Mounting plugin ChaosEditor
LogPluginManager: Mounting plugin ChaosNiagara
LogPluginManager: Mounting plugin ChaosSolverPlugin
LogPluginManager: Mounting plugin ChaosClothEditor
LogPluginManager: Mounting plugin CharacterAI
LogPluginManager: Mounting plugin MobileLauncherProfileWizard
LogPluginManager: Mounting plugin AlembicImporter
LogPluginManager: Mounting plugin PluginBrowser
LogPluginManager: Mounting plugin VariantManagerContent
LogPluginManager: Mounting plugin GeometryCache
LogPluginManager: Mounting plugin AutomationUtils
LogPluginManager: Mounting plugin GeometryCollectionPlugin
LogPluginManager: Mounting plugin ChaosCloth
LogPluginManager: Mounting plugin MotoSynth
LogPluginManager: Mounting plugin GeometryProcessing
LogPluginManager: Mounting plugin Landmass
LogPluginManager: Mounting plugin OpenImageDenoise
LogPluginManager: Mounting plugin PlatformCrypto
LogPluginManager: Mounting plugin PlanarCut
LogPluginManager: Mounting plugin PythonScriptPlugin
LogPluginManager: Mounting plugin MagicLeap
LogPluginManager: Mounting plugin ProxyLODPlugin
LogPluginManager: Mounting plugin MagicLeapLightEstimation
LogPluginManager: Mounting plugin LuminPlatformFeatures
LogPluginManager: Mounting plugin MagicLeapMedia
LogPluginManager: Mounting plugin SkeletalReduction
LogPluginManager: Mounting plugin MLSDK
LogPluginManager: Mounting plugin MagicLeapPassableWorld
LogPluginManager: Mounting plugin Water
LogPluginManager: Mounting plugin AndroidMedia
LogPluginManager: Mounting plugin AvfMedia
LogPluginManager: Mounting plugin MediaCompositing
LogPluginManager: Mounting plugin MediaPlayerEditor
LogPluginManager: Mounting plugin ImgMedia
LogPluginManager: Mounting plugin WebMMedia
LogPluginManager: Mounting plugin ActorSequence
LogPluginManager: Mounting plugin LevelSequenceEditor
LogPluginManager: Mounting plugin MatineeToLevelSequence
LogPluginManager: Mounting plugin WmfMedia
LogPluginManager: Mounting plugin TcpMessaging
LogPluginManager: Mounting plugin OnlineSubsystem
LogPluginManager: Mounting plugin UdpMessaging
LogPluginManager: Mounting plugin TemplateSequence
LogPluginManager: Mounting plugin OnlineSubsystemNull
LogPluginManager: Mounting plugin OnlineSubsystemUtils
LogPluginManager: Mounting plugin ActorLayerUtilities
LogPluginManager: Mounting plugin LauncherChunkInstaller
LogPluginManager: Mounting plugin AndroidPermission
LogPluginManager: Mounting plugin AppleImageUtils
LogPluginManager: Mounting plugin AppleMoviePlayer
LogPluginManager: Mounting plugin AudioCapture
LogPluginManager: Mounting plugin AssetTags
LogPluginManager: Mounting plugin AndroidDeviceProfileSelector
LogPluginManager: Mounting plugin ArchVisCharacter
LogPluginManager: Mounting plugin AudioSynesthesia
LogPluginManager: Mounting plugin CableComponent
LogPluginManager: Mounting plugin AndroidMoviePlayer
LogPluginManager: Mounting plugin ChunkDownloader
LogPluginManager: Mounting plugin CustomMeshComponent
LogPluginManager: Mounting plugin ExampleDeviceProfileSelector
LogPluginManager: Mounting plugin EditableMesh
LogPluginManager: Mounting plugin GoogleCloudMessaging
LogPluginManager: Mounting plugin GooglePAD
LogPluginManager: Mounting plugin IOSDeviceProfileSelector
LogPluginManager: Mounting plugin LinuxDeviceProfileSelector
LogPluginManager: Mounting plugin LocationServicesBPLibrary
LogPluginManager: Mounting plugin OpenXREyeTracker
LogPluginManager: Mounting plugin MobilePatchingUtils
LogPluginManager: Mounting plugin ScreenshotTools
LogPluginManager: Mounting plugin OpenXR
LogPluginManager: Mounting plugin PhysXVehicles
LogPluginManager: Mounting plugin PostSplashScreen
LogPluginManager: Mounting plugin OpenXRHandTracking
LogPluginManager: Mounting plugin PropertyAccessEditor
LogPluginManager: Mounting plugin ProceduralMeshComponent
LogPluginManager: Mounting plugin RuntimePhysXCooking
LogPluginManager: Mounting plugin SignificanceManager
LogPluginManager: Mounting plugin Synthesis
LogPluginManager: Mounting plugin Takes
LogPluginManager: Mounting plugin WebMMoviePlayer
LogPluginManager: Mounting plugin SoundFields
LogPluginManager: Mounting plugin WindowsMoviePlayer
LogPluginManager: Mounting plugin ContentBrowserAssetDataSource
LogPluginManager: Mounting plugin ContentBrowserClassDataSource
LogPluginManager: Mounting plugin ContentBrowserFileDataSource
LogPluginManager: Mounting plugin OnlineSubsystemGooglePlay
LogPluginManager: Mounting plugin OnlineSubsystemIOS
LogPluginManager: Mounting plugin OculusVR
LogPluginManager: Mounting plugin SteamVR
PixWinPlugin: PIX capture plugin failed to initialize! Check that the process is launched from PIX.
LogInit: Using libcurl 7.55.1-DEV
LogInit:  - built for x86_64-pc-win32
LogInit:  - supports SSL with OpenSSL/1.1.1
LogInit:  - supports HTTP deflate (compression) using libz 1.2.8
LogInit:  - other features:
LogInit:      CURL_VERSION_SSL
LogInit:      CURL_VERSION_LIBZ
LogInit:      CURL_VERSION_IPV6
LogInit:      CURL_VERSION_ASYNCHDNS
LogInit:      CURL_VERSION_LARGEFILE
LogInit:      CURL_VERSION_IDN
LogInit:  CurlRequestOptions (configurable via config and command line):
LogInit:  - bVerifyPeer = true  - Libcurl will verify peer certificate
LogInit:  - bUseHttpProxy = false  - Libcurl will NOT use HTTP proxy
LogInit:  - bDontReuseConnections = false  - Libcurl will reuse connections
LogInit:  - MaxHostConnections = 16  - Libcurl will limit the number of connections to a host
LogInit:  - LocalHostAddr = Default
LogInit:  - BufferSize = 65536
LogOnline: OSS: Creating online subsystem instance for: NULL
LogInit: WinSock: version 1.1 (2.2), MaxSocks=32767, MaxUdp=65467
LogOnline: OSS: TryLoadSubsystemAndSetDefault: Loaded subsystem for module [NULL]
LogOculusPluginWrapper: OculusPlugin initialized successfully
LogHMD: Failed initializing OVRPlugin 1.59.0
LogInit: Build: ++UE4+Release-4.27-CL-18319896
LogInit: Engine Version: 4.27.2-18319896+++UE4+Release-4.27
LogInit: Compatible Engine Version: 4.27.0-17155196+++UE4+Release-4.27
LogInit: Net CL: 17155196
LogInit: OS: Windows 10 (Release 2009) (), CPU: AMD Ryzen 9 3900X 12-Core Processor            , GPU: NVIDIA GeForce RTX 3080
LogInit: Compiled (64-bit): Nov 30 2021 07:12:08
LogInit: Compiled with Visual C++: 19.24.28315.00
LogInit: Build Configuration: Development
LogInit: Branch Name: ++UE4+Release-4.27
LogInit: Command Line:  /Game/2DSideScrollerBP/Maps/MainMenuMap -game -PIEVIACONSOLE -Multiprocess "GameUserSettingsINI=C:/Users/proje/OneDrive/Documents/SNHU/GAM305/RED TEAM/gam-305-x1261-red/Sidescroller Game/Sidescroller2D_Game/Saved/Config/Windows/PIEGameUserSettings0.ini" -MultiprocessSaveConfig -forcepassthrough -messaging -SessionName="Play in Standalone Game" -windowed -WinX=1080 -WinY=360 SAVEWINPOS=1 -ResX=1284 -ResY=736
LogInit: Base Directory: C:/Program Files/Epic Games/UE_4.27/Engine/Binaries/Win64/
LogInit: Allocator: TBB
LogInit: Installed Engine Build: 1
LogDevObjectVersion: Number of dev versions registered: 29
LogDevObjectVersion:   Dev-Blueprints (B0D832E4-1F89-4F0D-ACCF-7EB736FD4AA2): 10
LogDevObjectVersion:   Dev-Build (E1C64328-A22C-4D53-A36C-8E866417BD8C): 0
LogDevObjectVersion:   Dev-Core (375EC13C-06E4-48FB-B500-84F0262A717E): 4
LogDevObjectVersion:   Dev-Editor (E4B068ED-F494-42E9-A231-DA0B2E46BB41): 40
LogDevObjectVersion:   Dev-Framework (CFFC743F-43B0-4480-9391-14DF171D2073): 37
LogDevObjectVersion:   Dev-Mobile (B02B49B5-BB20-44E9-A304-32B752E40360): 3
LogDevObjectVersion:   Dev-Networking (A4E4105C-59A1-49B5-A7C5-40C4547EDFEE): 0
LogDevObjectVersion:   Dev-Online (39C831C9-5AE6-47DC-9A44-9C173E1C8E7C): 0
LogDevObjectVersion:   Dev-Physics (78F01B33-EBEA-4F98-B9B4-84EACCB95AA2): 14
LogDevObjectVersion:   Dev-Platform (6631380F-2D4D-43E0-8009-CF276956A95A): 0
LogDevObjectVersion:   Dev-Rendering (12F88B9F-8875-4AFC-A67C-D90C383ABD29): 45
LogDevObjectVersion:   Dev-Sequencer (7B5AE74C-D270-4C10-A958-57980B212A5A): 13
LogDevObjectVersion:   Dev-VR (D7296918-1DD6-4BDD-9DE2-64A83CC13884): 3
LogDevObjectVersion:   Dev-LoadTimes (C2A15278-BFE7-4AFE-6C17-90FF531DF755): 1
LogDevObjectVersion:   Private-Geometry (6EACA3D4-40EC-4CC1-B786-8BED09428FC5): 3
LogDevObjectVersion:   Dev-AnimPhys (29E575DD-E0A3-4627-9D10-D276232CDCEA): 17
LogDevObjectVersion:   Dev-Anim (AF43A65D-7FD3-4947-9873-3E8ED9C1BB05): 15
LogDevObjectVersion:   Dev-ReflectionCapture (6B266CEC-1EC7-4B8F-A30B-E4D90942FC07): 1
LogDevObjectVersion:   Dev-Automation (0DF73D61-A23F-47EA-B727-89E90C41499A): 1
LogDevObjectVersion:   FortniteMain (601D1886-AC64-4F84-AA16-D3DE0DEAC7D6): 47
LogDevObjectVersion:   FortniteRelease (E7086368-6B23-4C58-8439-1B7016265E91): 1
LogDevObjectVersion:   Dev-Enterprise (9DFFBCD6-494F-0158-E221-12823C92A888): 10
LogDevObjectVersion:   Dev-Niagara (F2AED0AC-9AFE-416F-8664-AA7FFA26D6FC): 1
LogDevObjectVersion:   Dev-Destruction (174F1F0B-B4C6-45A5-B13F-2EE8D0FB917D): 10
LogDevObjectVersion:   Dev-Physics-Ext (35F94A83-E258-406C-A318-09F59610247C): 41
LogDevObjectVersion:   Dev-PhysicsMaterial-Chaos (B68FC16E-8B1B-42E2-B453-215C058844FE): 1
LogDevObjectVersion:   Dev-CineCamera (B2E18506-4273-CFC2-A54E-F4BB758BBA07): 1
LogDevObjectVersion:   Dev-VirtualProduction (64F58936-FD1B-42BA-BA96-7289D5D0FA4E): 1
LogDevObjectVersion:   Dev-MediaFramework (6F0ED827-A609-4895-9C91-998D90180EA4): 2
LogInit: Presizing for max 25165824 objects, including 0 objects not considered by GC, pre-allocating 0 bytes for permanent pool.
LogConfig: Applying CVar settings from Section [/Script/Engine.StreamingSettings] File [C:/Users/proje/OneDrive/Documents/SNHU/GAM305/RED TEAM/gam-305-x1261-red/Sidescroller Game/Sidescroller2D_Game/Saved/Config/Windows/Engine.ini]
LogConfig: Setting CVar [[s.MinBulkDataSizeForAsyncLoading:131072]]
LogConfig: Setting CVar [[s.AsyncLoadingThreadEnabled:0]]
LogConfig: Setting CVar [[s.EventDrivenLoaderEnabled:1]]
LogConfig: Setting CVar [[s.WarnIfTimeLimitExceeded:0]]
LogConfig: Setting CVar [[s.TimeLimitExceededMultiplier:1.5]]
LogConfig: Setting CVar [[s.TimeLimitExceededMinTime:0.005]]
LogConfig: Setting CVar [[s.UseBackgroundLevelStreaming:1]]
LogConfig: Setting CVar [[s.PriorityAsyncLoadingExtraTime:15.0]]
LogConfig: Setting CVar [[s.LevelStreamingActorsUpdateTimeLimit:5.0]]
LogConfig: Setting CVar [[s.PriorityLevelStreamingActorsUpdateExtraTime:5.0]]
LogConfig: Setting CVar [[s.LevelStreamingComponentsRegistrationGranularity:10]]
LogConfig: Setting CVar [[s.UnregisterComponentsTimeLimit:1.0]]
LogConfig: Setting CVar [[s.LevelStreamingComponentsUnregistrationGranularity:5]]
LogConfig: Setting CVar [[s.FlushStreamingOnExit:1]]
LogInit: Object subsystem initialized
LogConfig: Setting CVar [[con.DebugEarlyDefault:1]]
LogConfig: Setting CVar [[r.setres:1280x720]]
LogConfig: Setting CVar [[fx.NiagaraAllowRuntimeScalabilityChanges:1]]
[2022.09.25-21.13.09:113][  0]LogConfig: Setting CVar [[con.DebugEarlyDefault:1]]
[2022.09.25-21.13.09:113][  0]LogConfig: Setting CVar [[r.setres:1280x720]]
[2022.09.25-21.13.09:113][  0]LogConfig: Setting CVar [[fx.NiagaraAllowRuntimeScalabilityChanges:1]]
[2022.09.25-21.13.09:113][  0]LogConfig: Applying CVar settings from Section [/Script/Engine.RendererSettings] File [C:/Users/proje/OneDrive/Documents/SNHU/GAM305/RED TEAM/gam-305-x1261-red/Sidescroller Game/Sidescroller2D_Game/Saved/Config/Windows/Engine.ini]
[2022.09.25-21.13.09:113][  0]LogConfig: Setting CVar [[r.GPUCrashDebugging:0]]
[2022.09.25-21.13.09:113][  0]LogConfig: Setting CVar [[r.MobileHDR:0]]
[2022.09.25-21.13.09:113][  0]LogConfig: Applying CVar settings from Section [/Script/Engine.RendererOverrideSettings] File [C:/Users/proje/OneDrive/Documents/SNHU/GAM305/RED TEAM/gam-305-x1261-red/Sidescroller Game/Sidescroller2D_Game/Saved/Config/Windows/Engine.ini]
[2022.09.25-21.13.09:113][  0]LogConfig: Applying CVar settings from Section [/Script/Engine.StreamingSettings] File [C:/Users/proje/OneDrive/Documents/SNHU/GAM305/RED TEAM/gam-305-x1261-red/Sidescroller Game/Sidescroller2D_Game/Saved/Config/Windows/Engine.ini]
[2022.09.25-21.13.09:113][  0]LogConfig: Setting CVar [[s.MinBulkDataSizeForAsyncLoading:131072]]
[2022.09.25-21.13.09:113][  0]LogConfig: Setting CVar [[s.AsyncLoadingThreadEnabled:0]]
[2022.09.25-21.13.09:113][  0]LogConfig: Setting CVar [[s.EventDrivenLoaderEnabled:1]]
[2022.09.25-21.13.09:113][  0]LogConfig: Setting CVar [[s.WarnIfTimeLimitExceeded:0]]
[2022.09.25-21.13.09:113][  0]LogConfig: Setting CVar [[s.TimeLimitExceededMultiplier:1.5]]
[2022.09.25-21.13.09:113][  0]LogConfig: Setting CVar [[s.TimeLimitExceededMinTime:0.005]]
[2022.09.25-21.13.09:113][  0]LogConfig: Setting CVar [[s.UseBackgroundLevelStreaming:1]]
[2022.09.25-21.13.09:113][  0]LogConfig: Setting CVar [[s.PriorityAsyncLoadingExtraTime:15.0]]
[2022.09.25-21.13.09:113][  0]LogConfig: Setting CVar [[s.LevelStreamingActorsUpdateTimeLimit:5.0]]
[2022.09.25-21.13.09:113][  0]LogConfig: Setting CVar [[s.PriorityLevelStreamingActorsUpdateExtraTime:5.0]]
[2022.09.25-21.13.09:113][  0]LogConfig: Setting CVar [[s.LevelStreamingComponentsRegistrationGranularity:10]]
[2022.09.25-21.13.09:113][  0]LogConfig: Setting CVar [[s.UnregisterComponentsTimeLimit:1.0]]
[2022.09.25-21.13.09:113][  0]LogConfig: Setting CVar [[s.LevelStreamingComponentsUnregistrationGranularity:5]]
[2022.09.25-21.13.09:113][  0]LogConfig: Setting CVar [[s.FlushStreamingOnExit:1]]
[2022.09.25-21.13.09:113][  0]LogConfig: Applying CVar settings from Section [/Script/Engine.GarbageCollectionSettings] File [C:/Users/proje/OneDrive/Documents/SNHU/GAM305/RED TEAM/gam-305-x1261-red/Sidescroller Game/Sidescroller2D_Game/Saved/Config/Windows/Engine.ini]
[2022.09.25-21.13.09:113][  0]LogConfig: Setting CVar [[gc.MaxObjectsNotConsideredByGC:1]]
[2022.09.25-21.13.09:113][  0]LogConfig: Setting CVar [[gc.SizeOfPermanentObjectPool:0]]
[2022.09.25-21.13.09:113][  0]LogConfig: Setting CVar [[gc.FlushStreamingOnGC:0]]
[2022.09.25-21.13.09:113][  0]LogConfig: Setting CVar [[gc.NumRetriesBeforeForcingGC:10]]
[2022.09.25-21.13.09:113][  0]LogConfig: Setting CVar [[gc.AllowParallelGC:1]]
[2022.09.25-21.13.09:113][  0]LogConfig: Setting CVar [[gc.TimeBetweenPurgingPendingKillObjects:61.1]]
[2022.09.25-21.13.09:113][  0]LogConfig: Setting CVar [[gc.MaxObjectsInEditor:25165824]]
[2022.09.25-21.13.09:113][  0]LogConfig: Setting CVar [[gc.IncrementalBeginDestroyEnabled:1]]
[2022.09.25-21.13.09:113][  0]LogConfig: Setting CVar [[gc.CreateGCClusters:1]]
[2022.09.25-21.13.09:113][  0]LogConfig: Setting CVar [[gc.MinGCClusterSize:5]]
[2022.09.25-21.13.09:113][  0]LogConfig: Setting CVar [[gc.ActorClusteringEnabled:0]]
[2022.09.25-21.13.09:113][  0]LogConfig: Setting CVar [[gc.BlueprintClusteringEnabled:0]]
[2022.09.25-21.13.09:113][  0]LogConfig: Setting CVar [[gc.UseDisregardForGCOnDedicatedServers:0]]
[2022.09.25-21.13.09:113][  0]LogConfig: Setting CVar [[gc.MultithreadedDestructionEnabled:1]]
[2022.09.25-21.13.09:113][  0]LogConfig: Applying CVar settings from Section [/Script/Engine.NetworkSettings] File [C:/Users/proje/OneDrive/Documents/SNHU/GAM305/RED TEAM/gam-305-x1261-red/Sidescroller Game/Sidescroller2D_Game/Saved/Config/Windows/Engine.ini]
[2022.09.25-21.13.09:113][  0]LogConfig: Applying CVar settings from Section [/Script/UnrealEd.CookerSettings] File [C:/Users/proje/OneDrive/Documents/SNHU/GAM305/RED TEAM/gam-305-x1261-red/Sidescroller Game/Sidescroller2D_Game/Saved/Config/Windows/Engine.ini]
[2022.09.25-21.13.09:165][  0]LogConfig: Applying CVar settings from Section [ViewDistanceQuality@3] File [C:/Users/proje/OneDrive/Documents/SNHU/GAM305/RED TEAM/gam-305-x1261-red/Sidescroller Game/Sidescroller2D_Game/Saved/Config/Windows/Scalability.ini]
[2022.09.25-21.13.09:165][  0]LogConfig: Setting CVar [[r.SkeletalMeshLODBias:0]]
[2022.09.25-21.13.09:165][  0]LogConfig: Setting CVar [[r.ViewDistanceScale:1.0]]
[2022.09.25-21.13.09:165][  0]LogConfig: Applying CVar settings from Section [AntiAliasingQuality@3] File [C:/Users/proje/OneDrive/Documents/SNHU/GAM305/RED TEAM/gam-305-x1261-red/Sidescroller Game/Sidescroller2D_Game/Saved/Config/Windows/Scalability.ini]
[2022.09.25-21.13.09:165][  0]LogConfig: Setting CVar [[r.PostProcessAAQuality:4]]
[2022.09.25-21.13.09:165][  0]LogConfig: Applying CVar settings from Section [ShadowQuality@3] File [C:/Users/proje/OneDrive/Documents/SNHU/GAM305/RED TEAM/gam-305-x1261-red/Sidescroller Game/Sidescroller2D_Game/Saved/Config/Windows/Scalability.ini]
[2022.09.25-21.13.09:165][  0]LogConfig: Setting CVar [[r.LightFunctionQuality:1]]
[2022.09.25-21.13.09:165][  0]LogConfig: Setting CVar [[r.ShadowQuality:5]]
[2022.09.25-21.13.09:165][  0]LogConfig: Setting CVar [[r.Shadow.CSM.MaxCascades:10]]
[2022.09.25-21.13.09:165][  0]LogConfig: Setting CVar [[r.Shadow.MaxResolution:2048]]
[2022.09.25-21.13.09:165][  0]LogConfig: Setting CVar [[r.Shadow.MaxCSMResolution:2048]]
[2022.09.25-21.13.09:165][  0]LogConfig: Setting CVar [[r.Shadow.RadiusThreshold:0.01]]
[2022.09.25-21.13.09:165][  0]LogConfig: Setting CVar [[r.Shadow.DistanceScale:1.0]]
[2022.09.25-21.13.09:165][  0]LogConfig: Setting CVar [[r.Shadow.CSM.TransitionScale:1.0]]
[2022.09.25-21.13.09:165][  0]LogConfig: Setting CVar [[r.Shadow.PreShadowResolutionFactor:1.0]]
[2022.09.25-21.13.09:165][  0]LogConfig: Setting CVar [[r.DistanceFieldShadowing:1]]
[2022.09.25-21.13.09:165][  0]LogConfig: Setting CVar [[r.DistanceFieldAO:1]]
[2022.09.25-21.13.09:165][  0]LogConfig: Setting CVar [[r.AOQuality:2]]
[2022.09.25-21.13.09:165][  0]LogConfig: Setting CVar [[r.VolumetricFog:1]]
[2022.09.25-21.13.09:165][  0]LogConfig: Setting CVar [[r.VolumetricFog.GridPixelSize:8]]
[2022.09.25-21.13.09:165][  0]LogConfig: Setting CVar [[r.VolumetricFog.GridSizeZ:128]]
[2022.09.25-21.13.09:165][  0]LogConfig: Setting CVar [[r.VolumetricFog.HistoryMissSupersampleCount:4]]
[2022.09.25-21.13.09:165][  0]LogConfig: Setting CVar [[r.LightMaxDrawDistanceScale:1]]
[2022.09.25-21.13.09:165][  0]LogConfig: Setting CVar [[r.CapsuleShadows:1]]
[2022.09.25-21.13.09:165][  0]LogConfig: Applying CVar settings from Section [PostProcessQuality@3] File [C:/Users/proje/OneDrive/Documents/SNHU/GAM305/RED TEAM/gam-305-x1261-red/Sidescroller Game/Sidescroller2D_Game/Saved/Config/Windows/Scalability.ini]
[2022.09.25-21.13.09:165][  0]LogConfig: Setting CVar [[r.MotionBlurQuality:4]]
[2022.09.25-21.13.09:165][  0]LogConfig: Setting CVar [[r.AmbientOcclusionMipLevelFactor:0.4]]
[2022.09.25-21.13.09:165][  0]LogConfig: Setting CVar [[r.AmbientOcclusionMaxQuality:100]]
[2022.09.25-21.13.09:165][  0]LogConfig: Setting CVar [[r.AmbientOcclusionLevels:-1]]
[2022.09.25-21.13.09:165][  0]LogConfig: Setting CVar [[r.AmbientOcclusionRadiusScale:1.0]]
[2022.09.25-21.13.09:165][  0]LogConfig: Setting CVar [[r.DepthOfFieldQuality:2]]
[2022.09.25-21.13.09:165][  0]LogConfig: Setting CVar [[r.RenderTargetPoolMin:400]]
[2022.09.25-21.13.09:165][  0]LogConfig: Setting CVar [[r.LensFlareQuality:2]]
[2022.09.25-21.13.09:165][  0]LogConfig: Setting CVar [[r.SceneColorFringeQuality:1]]
[2022.09.25-21.13.09:165][  0]LogConfig: Setting CVar [[r.EyeAdaptationQuality:2]]
[2022.09.25-21.13.09:165][  0]LogConfig: Setting CVar [[r.BloomQuality:5]]
[2022.09.25-21.13.09:165][  0]LogConfig: Setting CVar [[r.FastBlurThreshold:100]]
[2022.09.25-21.13.09:165][  0]LogConfig: Setting CVar [[r.Upscale.Quality:3]]
[2022.09.25-21.13.09:165][  0]LogConfig: Setting CVar [[r.Tonemapper.GrainQuantization:1]]
[2022.09.25-21.13.09:165][  0]LogConfig: Setting CVar [[r.LightShaftQuality:1]]
[2022.09.25-21.13.09:165][  0]LogConfig: Setting CVar [[r.Filter.SizeScale:1]]
[2022.09.25-21.13.09:165][  0]LogConfig: Setting CVar [[r.Tonemapper.Quality:5]]
[2022.09.25-21.13.09:165][  0]LogConfig: Setting CVar [[r.DOF.Gather.AccumulatorQuality:1        ; higher gathering accumulator quality]]
[2022.09.25-21.13.09:165][  0]LogConfig: Setting CVar [[r.DOF.Gather.PostfilterMethod:1          ; Median3x3 postfilering method]]
[2022.09.25-21.13.09:165][  0]LogConfig: Setting CVar [[r.DOF.Gather.EnableBokehSettings:0       ; no bokeh simulation when gathering]]
[2022.09.25-21.13.09:165][  0]LogConfig: Setting CVar [[r.DOF.Gather.RingCount:4                 ; medium number of samples when gathering]]
[2022.09.25-21.13.09:165][  0]LogConfig: Setting CVar [[r.DOF.Scatter.ForegroundCompositing:1    ; additive foreground scattering]]
[2022.09.25-21.13.09:165][  0]LogConfig: Setting CVar [[r.DOF.Scatter.BackgroundCompositing:2    ; additive background scattering]]
[2022.09.25-21.13.09:165][  0]LogConfig: Setting CVar [[r.DOF.Scatter.EnableBokehSettings:1      ; bokeh simulation when scattering]]
[2022.09.25-21.13.09:165][  0]LogConfig: Setting CVar [[r.DOF.Scatter.MaxSpriteRatio:0.1         ; only a maximum of 10% of scattered bokeh]]
[2022.09.25-21.13.09:165][  0]LogConfig: Setting CVar [[r.DOF.Recombine.Quality:1                ; cheap slight out of focus]]
[2022.09.25-21.13.09:165][  0]LogConfig: Setting CVar [[r.DOF.Recombine.EnableBokehSettings:0    ; no bokeh simulation on slight out of focus]]
[2022.09.25-21.13.09:165][  0]LogConfig: Setting CVar [[r.DOF.TemporalAAQuality:1                ; more stable temporal accumulation]]
[2022.09.25-21.13.09:165][  0]LogConfig: Setting CVar [[r.DOF.Kernel.MaxForegroundRadius:0.025]]
[2022.09.25-21.13.09:165][  0]LogConfig: Setting CVar [[r.DOF.Kernel.MaxBackgroundRadius:0.025]]
[2022.09.25-21.13.09:165][  0]LogConfig: Applying CVar settings from Section [TextureQuality@3] File [C:/Users/proje/OneDrive/Documents/SNHU/GAM305/RED TEAM/gam-305-x1261-red/Sidescroller Game/Sidescroller2D_Game/Saved/Config/Windows/Scalability.ini]
[2022.09.25-21.13.09:165][  0]LogConfig: Setting CVar [[r.Streaming.MipBias:0]]
[2022.09.25-21.13.09:165][  0]LogConfig: Setting CVar [[r.Streaming.AmortizeCPUToGPUCopy:0]]
[2022.09.25-21.13.09:165][  0]LogConfig: Setting CVar [[r.Streaming.MaxNumTexturesToStreamPerFrame:0]]
[2022.09.25-21.13.09:165][  0]LogConfig: Setting CVar [[r.Streaming.Boost:1]]
[2022.09.25-21.13.09:165][  0]LogConfig: Setting CVar [[r.MaxAnisotropy:8]]
[2022.09.25-21.13.09:165][  0]LogConfig: Setting CVar [[r.VT.MaxAnisotropy:8]]
[2022.09.25-21.13.09:165][  0]LogConfig: Setting CVar [[r.Streaming.LimitPoolSizeToVRAM:0]]
[2022.09.25-21.13.09:165][  0]LogConfig: Setting CVar [[r.Streaming.PoolSize:1000]]
[2022.09.25-21.13.09:165][  0]LogConfig: Setting CVar [[r.Streaming.MaxEffectiveScreenSize:0]]
[2022.09.25-21.13.09:165][  0]LogConfig: Applying CVar settings from Section [EffectsQuality@3] File [C:/Users/proje/OneDrive/Documents/SNHU/GAM305/RED TEAM/gam-305-x1261-red/Sidescroller Game/Sidescroller2D_Game/Saved/Config/Windows/Scalability.ini]
[2022.09.25-21.13.09:165][  0]LogConfig: Setting CVar [[r.TranslucencyLightingVolumeDim:64]]
[2022.09.25-21.13.09:165][  0]LogConfig: Setting CVar [[r.RefractionQuality:2]]
[2022.09.25-21.13.09:165][  0]LogConfig: Setting CVar [[r.SSR.Quality:3]]
[2022.09.25-21.13.09:165][  0]LogConfig: Setting CVar [[r.SSR.HalfResSceneColor:0]]
[2022.09.25-21.13.09:165][  0]LogConfig: Setting CVar [[r.SceneColorFormat:4]]
[2022.09.25-21.13.09:165][  0]LogConfig: Setting CVar [[r.DetailMode:2]]
[2022.09.25-21.13.09:165][  0]LogConfig: Setting CVar [[r.TranslucencyVolumeBlur:1]]
[2022.09.25-21.13.09:165][  0]LogConfig: Setting CVar [[r.MaterialQualityLevel:1 ; High quality]]
[2022.09.25-21.13.09:165][  0]LogConfig: Setting CVar [[r.AnisotropicMaterials:1]]
[2022.09.25-21.13.09:165][  0]LogConfig: Setting CVar [[r.SSS.Scale:1]]
[2022.09.25-21.13.09:165][  0]LogConfig: Setting CVar [[r.SSS.SampleSet:2]]
[2022.09.25-21.13.09:165][  0]LogConfig: Setting CVar [[r.SSS.Quality:1]]
[2022.09.25-21.13.09:166][  0]LogConfig: Setting CVar [[r.SSS.HalfRes:0]]
[2022.09.25-21.13.09:166][  0]LogConfig: Setting CVar [[r.SSGI.Quality:3]]
[2022.09.25-21.13.09:166][  0]LogConfig: Setting CVar [[r.EmitterSpawnRateScale:1.0]]
[2022.09.25-21.13.09:166][  0]LogConfig: Setting CVar [[r.ParticleLightQuality:2]]
[2022.09.25-21.13.09:166][  0]LogConfig: Setting CVar [[r.SkyAtmosphere.AerialPerspectiveLUT.FastApplyOnOpaque:1 ; Always have FastSkyLUT 1 in this case to avoid wrong sky]]
[2022.09.25-21.13.09:166][  0]LogConfig: Setting CVar [[r.SkyAtmosphere.AerialPerspectiveLUT.SampleCountMaxPerSlice:4]]
[2022.09.25-21.13.09:166][  0]LogConfig: Setting CVar [[r.SkyAtmosphere.AerialPerspectiveLUT.DepthResolution:16.0]]
[2022.09.25-21.13.09:166][  0]LogConfig: Setting CVar [[r.SkyAtmosphere.FastSkyLUT:1]]
[2022.09.25-21.13.09:166][  0]LogConfig: Setting CVar [[r.SkyAtmosphere.FastSkyLUT.SampleCountMin:4.0]]
[2022.09.25-21.13.09:166][  0]LogConfig: Setting CVar [[r.SkyAtmosphere.FastSkyLUT.SampleCountMax:128.0]]
[2022.09.25-21.13.09:166][  0]LogConfig: Setting CVar [[r.SkyAtmosphere.SampleCountMin:4.0]]
[2022.09.25-21.13.09:166][  0]LogConfig: Setting CVar [[r.SkyAtmosphere.SampleCountMax:128.0]]
[2022.09.25-21.13.09:166][  0]LogConfig: Setting CVar [[r.SkyAtmosphere.TransmittanceLUT.UseSmallFormat:0]]
[2022.09.25-21.13.09:166][  0]LogConfig: Setting CVar [[r.SkyAtmosphere.TransmittanceLUT.SampleCount:10.0]]
[2022.09.25-21.13.09:166][  0]LogConfig: Setting CVar [[r.SkyAtmosphere.MultiScatteringLUT.SampleCount:15.0]]
[2022.09.25-21.13.09:166][  0]LogConfig: Setting CVar [[r.SkyLight.RealTimeReflectionCapture:1]]
[2022.09.25-21.13.09:166][  0]LogConfig: Setting CVar [[fx.Niagara.QualityLevel:3]]
[2022.09.25-21.13.09:166][  0]LogConfig: Applying CVar settings from Section [FoliageQuality@3] File [C:/Users/proje/OneDrive/Documents/SNHU/GAM305/RED TEAM/gam-305-x1261-red/Sidescroller Game/Sidescroller2D_Game/Saved/Config/Windows/Scalability.ini]
[2022.09.25-21.13.09:166][  0]LogConfig: Setting CVar [[foliage.DensityScale:1.0]]
[2022.09.25-21.13.09:166][  0]LogConfig: Setting CVar [[grass.DensityScale:1.0]]
[2022.09.25-21.13.09:166][  0]LogConfig: Applying CVar settings from Section [ShadingQuality@3] File [C:/Users/proje/OneDrive/Documents/SNHU/GAM305/RED TEAM/gam-305-x1261-red/Sidescroller Game/Sidescroller2D_Game/Saved/Config/Windows/Scalability.ini]
[2022.09.25-21.13.09:166][  0]LogConfig: Setting CVar [[r.HairStrands.SkyLighting.IntegrationType:2]]
[2022.09.25-21.13.09:166][  0]LogConfig: Setting CVar [[r.HairStrands.SkyAO.SampleCount:4]]
[2022.09.25-21.13.09:166][  0]LogConfig: Setting CVar [[r.HairStrands.Visibility.MSAA.SamplePerPixel:4]]
[2022.09.25-21.13.09:166][  0]LogInit: Selected Device Profile: [Windows]
[2022.09.25-21.13.09:166][  0]LogInit: Applying CVar settings loaded from the selected device profile: [Windows]
[2022.09.25-21.13.09:166][  0]LogHAL: Display: Platform has ~ 64 GB [68645629952 / 68719476736 / 64], which maps to Largest [LargestMinGB=32, LargerMinGB=12, DefaultMinGB=8, SmallerMinGB=6, SmallestMinGB=0)
[2022.09.25-21.13.09:166][  0]LogInit: Going up to parent DeviceProfile []
[2022.09.25-21.13.09:166][  0]LogConfig: Applying CVar settings from Section [ViewDistanceQuality@3] File [C:/Users/proje/OneDrive/Documents/SNHU/GAM305/RED TEAM/gam-305-x1261-red/Sidescroller Game/Sidescroller2D_Game/Saved/Config/Windows/Scalability.ini]
[2022.09.25-21.13.09:166][  0]LogConfig: Setting CVar [[r.SkeletalMeshLODBias:0]]
[2022.09.25-21.13.09:166][  0]LogConfig: Setting CVar [[r.ViewDistanceScale:1.0]]
[2022.09.25-21.13.09:166][  0]LogConfig: Applying CVar settings from Section [AntiAliasingQuality@3] File [C:/Users/proje/OneDrive/Documents/SNHU/GAM305/RED TEAM/gam-305-x1261-red/Sidescroller Game/Sidescroller2D_Game/Saved/Config/Windows/Scalability.ini]
[2022.09.25-21.13.09:166][  0]LogConfig: Setting CVar [[r.PostProcessAAQuality:4]]
[2022.09.25-21.13.09:166][  0]LogConfig: Applying CVar settings from Section [ShadowQuality@3] File [C:/Users/proje/OneDrive/Documents/SNHU/GAM305/RED TEAM/gam-305-x1261-red/Sidescroller Game/Sidescroller2D_Game/Saved/Config/Windows/Scalability.ini]
[2022.09.25-21.13.09:166][  0]LogConfig: Setting CVar [[r.LightFunctionQuality:1]]
[2022.09.25-21.13.09:166][  0]LogConfig: Setting CVar [[r.ShadowQuality:5]]
[2022.09.25-21.13.09:166][  0]LogConfig: Setting CVar [[r.Shadow.CSM.MaxCascades:10]]
[2022.09.25-21.13.09:166][  0]LogConfig: Setting CVar [[r.Shadow.MaxResolution:2048]]
[2022.09.25-21.13.09:166][  0]LogConfig: Setting CVar [[r.Shadow.MaxCSMResolution:2048]]
[2022.09.25-21.13.09:166][  0]LogConfig: Setting CVar [[r.Shadow.RadiusThreshold:0.01]]
[2022.09.25-21.13.09:166][  0]LogConfig: Setting CVar [[r.Shadow.DistanceScale:1.0]]
[2022.09.25-21.13.09:166][  0]LogConfig: Setting CVar [[r.Shadow.CSM.TransitionScale:1.0]]
[2022.09.25-21.13.09:166][  0]LogConfig: Setting CVar [[r.Shadow.PreShadowResolutionFactor:1.0]]
[2022.09.25-21.13.09:166][  0]LogConfig: Setting CVar [[r.DistanceFieldShadowing:1]]
[2022.09.25-21.13.09:166][  0]LogConfig: Setting CVar [[r.DistanceFieldAO:1]]
[2022.09.25-21.13.09:166][  0]LogConfig: Setting CVar [[r.AOQuality:2]]
[2022.09.25-21.13.09:166][  0]LogConfig: Setting CVar [[r.VolumetricFog:1]]
[2022.09.25-21.13.09:166][  0]LogConfig: Setting CVar [[r.VolumetricFog.GridPixelSize:8]]
[2022.09.25-21.13.09:166][  0]LogConfig: Setting CVar [[r.VolumetricFog.GridSizeZ:128]]
[2022.09.25-21.13.09:166][  0]LogConfig: Setting CVar [[r.VolumetricFog.HistoryMissSupersampleCount:4]]
[2022.09.25-21.13.09:166][  0]LogConfig: Setting CVar [[r.LightMaxDrawDistanceScale:1]]
[2022.09.25-21.13.09:166][  0]LogConfig: Setting CVar [[r.CapsuleShadows:1]]
[2022.09.25-21.13.09:166][  0]LogConfig: Applying CVar settings from Section [PostProcessQuality@3] File [C:/Users/proje/OneDrive/Documents/SNHU/GAM305/RED TEAM/gam-305-x1261-red/Sidescroller Game/Sidescroller2D_Game/Saved/Config/Windows/Scalability.ini]
[2022.09.25-21.13.09:166][  0]LogConfig: Setting CVar [[r.MotionBlurQuality:4]]
[2022.09.25-21.13.09:166][  0]LogConfig: Setting CVar [[r.AmbientOcclusionMipLevelFactor:0.4]]
[2022.09.25-21.13.09:166][  0]LogConfig: Setting CVar [[r.AmbientOcclusionMaxQuality:100]]
[2022.09.25-21.13.09:166][  0]LogConfig: Setting CVar [[r.AmbientOcclusionLevels:-1]]
[2022.09.25-21.13.09:166][  0]LogConfig: Setting CVar [[r.AmbientOcclusionRadiusScale:1.0]]
[2022.09.25-21.13.09:166][  0]LogConfig: Setting CVar [[r.DepthOfFieldQuality:2]]
[2022.09.25-21.13.09:166][  0]LogConfig: Setting CVar [[r.RenderTargetPoolMin:400]]
[2022.09.25-21.13.09:166][  0]LogConfig: Setting CVar [[r.LensFlareQuality:2]]
[2022.09.25-21.13.09:166][  0]LogConfig: Setting CVar [[r.SceneColorFringeQuality:1]]
[2022.09.25-21.13.09:166][  0]LogConfig: Setting CVar [[r.EyeAdaptationQuality:2]]
[2022.09.25-21.13.09:166][  0]LogConfig: Setting CVar [[r.BloomQuality:5]]
[2022.09.25-21.13.09:166][  0]LogConfig: Setting CVar [[r.FastBlurThreshold:100]]
[2022.09.25-21.13.09:166][  0]LogConfig: Setting CVar [[r.Upscale.Quality:3]]
[2022.09.25-21.13.09:166][  0]LogConfig: Setting CVar [[r.Tonemapper.GrainQuantization:1]]
[2022.09.25-21.13.09:166][  0]LogConfig: Setting CVar [[r.LightShaftQuality:1]]
[2022.09.25-21.13.09:166][  0]LogConfig: Setting CVar [[r.Filter.SizeScale:1]]
[2022.09.25-21.13.09:166][  0]LogConfig: Setting CVar [[r.Tonemapper.Quality:5]]
[2022.09.25-21.13.09:166][  0]LogConfig: Setting CVar [[r.DOF.Gather.AccumulatorQuality:1        ; higher gathering accumulator quality]]
[2022.09.25-21.13.09:166][  0]LogConfig: Setting CVar [[r.DOF.Gather.PostfilterMethod:1          ; Median3x3 postfilering method]]
[2022.09.25-21.13.09:166][  0]LogConfig: Setting CVar [[r.DOF.Gather.EnableBokehSettings:0       ; no bokeh simulation when gathering]]
[2022.09.25-21.13.09:166][  0]LogConfig: Setting CVar [[r.DOF.Gather.RingCount:4                 ; medium number of samples when gathering]]
[2022.09.25-21.13.09:166][  0]LogConfig: Setting CVar [[r.DOF.Scatter.ForegroundCompositing:1    ; additive foreground scattering]]
[2022.09.25-21.13.09:166][  0]LogConfig: Setting CVar [[r.DOF.Scatter.BackgroundCompositing:2    ; additive background scattering]]
[2022.09.25-21.13.09:166][  0]LogConfig: Setting CVar [[r.DOF.Scatter.EnableBokehSettings:1      ; bokeh simulation when scattering]]
[2022.09.25-21.13.09:166][  0]LogConfig: Setting CVar [[r.DOF.Scatter.MaxSpriteRatio:0.1         ; only a maximum of 10% of scattered bokeh]]
[2022.09.25-21.13.09:166][  0]LogConfig: Setting CVar [[r.DOF.Recombine.Quality:1                ; cheap slight out of focus]]
[2022.09.25-21.13.09:166][  0]LogConfig: Setting CVar [[r.DOF.Recombine.EnableBokehSettings:0    ; no bokeh simulation on slight out of focus]]
[2022.09.25-21.13.09:166][  0]LogConfig: Setting CVar [[r.DOF.TemporalAAQuality:1                ; more stable temporal accumulation]]
[2022.09.25-21.13.09:166][  0]LogConfig: Setting CVar [[r.DOF.Kernel.MaxForegroundRadius:0.025]]
[2022.09.25-21.13.09:166][  0]LogConfig: Setting CVar [[r.DOF.Kernel.MaxBackgroundRadius:0.025]]
[2022.09.25-21.13.09:166][  0]LogConfig: Applying CVar settings from Section [TextureQuality@3] File [C:/Users/proje/OneDrive/Documents/SNHU/GAM305/RED TEAM/gam-305-x1261-red/Sidescroller Game/Sidescroller2D_Game/Saved/Config/Windows/Scalability.ini]
[2022.09.25-21.13.09:166][  0]LogConfig: Setting CVar [[r.Streaming.MipBias:0]]
[2022.09.25-21.13.09:166][  0]LogConfig: Setting CVar [[r.Streaming.AmortizeCPUToGPUCopy:0]]
[2022.09.25-21.13.09:166][  0]LogConfig: Setting CVar [[r.Streaming.MaxNumTexturesToStreamPerFrame:0]]
[2022.09.25-21.13.09:166][  0]LogConfig: Setting CVar [[r.Streaming.Boost:1]]
[2022.09.25-21.13.09:166][  0]LogConfig: Setting CVar [[r.MaxAnisotropy:8]]
[2022.09.25-21.13.09:166][  0]LogConfig: Setting CVar [[r.VT.MaxAnisotropy:8]]
[2022.09.25-21.13.09:166][  0]LogConfig: Setting CVar [[r.Streaming.LimitPoolSizeToVRAM:0]]
[2022.09.25-21.13.09:166][  0]LogConfig: Setting CVar [[r.Streaming.PoolSize:1000]]
[2022.09.25-21.13.09:167][  0]LogConfig: Setting CVar [[r.Streaming.MaxEffectiveScreenSize:0]]
[2022.09.25-21.13.09:167][  0]LogConfig: Applying CVar settings from Section [EffectsQuality@3] File [C:/Users/proje/OneDrive/Documents/SNHU/GAM305/RED TEAM/gam-305-x1261-red/Sidescroller Game/Sidescroller2D_Game/Saved/Config/Windows/Scalability.ini]
[2022.09.25-21.13.09:167][  0]LogConfig: Setting CVar [[r.TranslucencyLightingVolumeDim:64]]
[2022.09.25-21.13.09:167][  0]LogConfig: Setting CVar [[r.RefractionQuality:2]]
[2022.09.25-21.13.09:167][  0]LogConfig: Setting CVar [[r.SSR.Quality:3]]
[2022.09.25-21.13.09:167][  0]LogConfig: Setting CVar [[r.SSR.HalfResSceneColor:0]]
[2022.09.25-21.13.09:167][  0]LogConfig: Setting CVar [[r.SceneColorFormat:4]]
[2022.09.25-21.13.09:167][  0]LogConfig: Setting CVar [[r.DetailMode:2]]
[2022.09.25-21.13.09:167][  0]LogConfig: Setting CVar [[r.TranslucencyVolumeBlur:1]]
[2022.09.25-21.13.09:167][  0]LogConfig: Setting CVar [[r.MaterialQualityLevel:1 ; High quality]]
[2022.09.25-21.13.09:167][  0]LogConfig: Setting CVar [[r.AnisotropicMaterials:1]]
[2022.09.25-21.13.09:167][  0]LogConfig: Setting CVar [[r.SSS.Scale:1]]
[2022.09.25-21.13.09:167][  0]LogConfig: Setting CVar [[r.SSS.SampleSet:2]]
[2022.09.25-21.13.09:167][  0]LogConfig: Setting CVar [[r.SSS.Quality:1]]
[2022.09.25-21.13.09:167][  0]LogConfig: Setting CVar [[r.SSS.HalfRes:0]]
[2022.09.25-21.13.09:167][  0]LogConfig: Setting CVar [[r.SSGI.Quality:3]]
[2022.09.25-21.13.09:167][  0]LogConfig: Setting CVar [[r.EmitterSpawnRateScale:1.0]]
[2022.09.25-21.13.09:167][  0]LogConfig: Setting CVar [[r.ParticleLightQuality:2]]
[2022.09.25-21.13.09:167][  0]LogConfig: Setting CVar [[r.SkyAtmosphere.AerialPerspectiveLUT.FastApplyOnOpaque:1 ; Always have FastSkyLUT 1 in this case to avoid wrong sky]]
[2022.09.25-21.13.09:167][  0]LogConfig: Setting CVar [[r.SkyAtmosphere.AerialPerspectiveLUT.SampleCountMaxPerSlice:4]]
[2022.09.25-21.13.09:167][  0]LogConfig: Setting CVar [[r.SkyAtmosphere.AerialPerspectiveLUT.DepthResolution:16.0]]
[2022.09.25-21.13.09:167][  0]LogConfig: Setting CVar [[r.SkyAtmosphere.FastSkyLUT:1]]
[2022.09.25-21.13.09:167][  0]LogConfig: Setting CVar [[r.SkyAtmosphere.FastSkyLUT.SampleCountMin:4.0]]
[2022.09.25-21.13.09:167][  0]LogConfig: Setting CVar [[r.SkyAtmosphere.FastSkyLUT.SampleCountMax:128.0]]
[2022.09.25-21.13.09:167][  0]LogConfig: Setting CVar [[r.SkyAtmosphere.SampleCountMin:4.0]]
[2022.09.25-21.13.09:167][  0]LogConfig: Setting CVar [[r.SkyAtmosphere.SampleCountMax:128.0]]
[2022.09.25-21.13.09:167][  0]LogConfig: Setting CVar [[r.SkyAtmosphere.TransmittanceLUT.UseSmallFormat:0]]
[2022.09.25-21.13.09:167][  0]LogConfig: Setting CVar [[r.SkyAtmosphere.TransmittanceLUT.SampleCount:10.0]]
[2022.09.25-21.13.09:167][  0]LogConfig: Setting CVar [[r.SkyAtmosphere.MultiScatteringLUT.SampleCount:15.0]]
[2022.09.25-21.13.09:167][  0]LogConfig: Setting CVar [[r.SkyLight.RealTimeReflectionCapture:1]]
[2022.09.25-21.13.09:167][  0]LogConfig: Setting CVar [[fx.Niagara.QualityLevel:3]]
[2022.09.25-21.13.09:167][  0]LogConfig: Applying CVar settings from Section [FoliageQuality@3] File [C:/Users/proje/OneDrive/Documents/SNHU/GAM305/RED TEAM/gam-305-x1261-red/Sidescroller Game/Sidescroller2D_Game/Saved/Config/Windows/Scalability.ini]
[2022.09.25-21.13.09:167][  0]LogConfig: Setting CVar [[foliage.DensityScale:1.0]]
[2022.09.25-21.13.09:167][  0]LogConfig: Setting CVar [[grass.DensityScale:1.0]]
[2022.09.25-21.13.09:167][  0]LogConfig: Applying CVar settings from Section [ShadingQuality@3] File [C:/Users/proje/OneDrive/Documents/SNHU/GAM305/RED TEAM/gam-305-x1261-red/Sidescroller Game/Sidescroller2D_Game/Saved/Config/Windows/Scalability.ini]
[2022.09.25-21.13.09:167][  0]LogConfig: Setting CVar [[r.HairStrands.SkyLighting.IntegrationType:2]]
[2022.09.25-21.13.09:167][  0]LogConfig: Setting CVar [[r.HairStrands.SkyAO.SampleCount:4]]
[2022.09.25-21.13.09:167][  0]LogConfig: Setting CVar [[r.HairStrands.Visibility.MSAA.SamplePerPixel:4]]
[2022.09.25-21.13.09:167][  0]LogConfig: Applying CVar settings from Section [Startup] File [../../../Engine/Config/ConsoleVariables.ini]
[2022.09.25-21.13.09:167][  0]LogConfig: Setting CVar [[net.UseAdaptiveNetUpdateFrequency:0]]
[2022.09.25-21.13.09:168][  0]LogConfig: Setting CVar [[p.chaos.AllowCreatePhysxBodies:1]]
[2022.09.25-21.13.09:168][  0]LogConfig: Setting CVar [[fx.SkipVectorVMBackendOptimizations:1]]
[2022.09.25-21.13.09:168][  0]LogConfig: Applying CVar settings from Section [ConsoleVariables] File [C:/Users/proje/OneDrive/Documents/SNHU/GAM305/RED TEAM/gam-305-x1261-red/Sidescroller Game/Sidescroller2D_Game/Saved/Config/Windows/Engine.ini]
[2022.09.25-21.13.09:168][  0]LogConfig: Applying CVar settings from Section [ConsoleVariables] File [C:/Users/proje/OneDrive/Documents/SNHU/GAM305/RED TEAM/gam-305-x1261-red/Sidescroller Game/Sidescroller2D_Game/Saved/Config/Windows/Editor.ini]
[2022.09.25-21.13.09:168][  0]LogInit: Computer: HAL-9000
[2022.09.25-21.13.09:168][  0]LogInit: User: XXIII
[2022.09.25-21.13.09:168][  0]LogInit: CPU Page size=4096, Cores=12
[2022.09.25-21.13.09:168][  0]LogInit: High frequency timer resolution =10.000000 MHz
[2022.09.25-21.13.09:168][  0]LogMemory: Memory total: Physical=63.9GB (64GB approx)
[2022.09.25-21.13.09:168][  0]LogMemory: Platform Memory Stats for Windows
[2022.09.25-21.13.09:168][  0]LogMemory: Process Physical Memory: 158.07 MB used, 161.84 MB peak
[2022.09.25-21.13.09:168][  0]LogMemory: Process Virtual Memory: 137.49 MB used, 137.49 MB peak
[2022.09.25-21.13.09:168][  0]LogMemory: Physical Memory: 28742.59 MB used,  36722.98 MB free, 65465.57 MB total
[2022.09.25-21.13.09:168][  0]LogMemory: Virtual Memory: 134179232.00 MB used,  38496.03 MB free, 134217728.00 MB total
[2022.09.25-21.13.09:173][  0]LogWindows: WindowsPlatformFeatures enabled
[2022.09.25-21.13.09:214][  0]LogInit: Physics initialised using underlying interface: PhysX
[2022.09.25-21.13.09:214][  0]LogInit: Using OS detected language (en-US).
[2022.09.25-21.13.09:214][  0]LogInit: Using OS detected locale (en-US).
[2022.09.25-21.13.09:217][  0]LogTextLocalizationManager: No specific localization for 'en-US' exists, so the 'en' localization will be used.
[2022.09.25-21.13.09:412][  0]LogWindowsTextInputMethodSystem: Display: IME system deactivated.
[2022.09.25-21.13.09:554][  0]LogSlate: New Slate User Created.  User Index 0, Is Virtual User: 0
[2022.09.25-21.13.09:554][  0]LogSlate: Slate User Registered.  User Index 0, Is Virtual User: 0
[2022.09.25-21.13.09:661][  0]LogD3D11RHI: Loaded GFSDK_Aftermath_Lib.x64.dll
[2022.09.25-21.13.09:744][  0]LogHMD: Failed to initialize OpenVR with code 108
[2022.09.25-21.13.09:744][  0]LogD3D11RHI: D3D11 min allowed feature level: 11_0
[2022.09.25-21.13.09:744][  0]LogD3D11RHI: D3D11 max allowed feature level: 11_0
[2022.09.25-21.13.09:744][  0]LogD3D11RHI: D3D11 adapters:
[2022.09.25-21.13.09:830][  0]LogD3D11RHI:    0. 'NVIDIA GeForce RTX 3080' (Feature Level 11_0)
[2022.09.25-21.13.09:830][  0]LogD3D11RHI:       12116/0/32732 MB DedicatedVideo/DedicatedSystem/SharedSystem, Outputs:2, VendorId:0x10de
[2022.09.25-21.13.09:832][  0]LogD3D11RHI:    1. 'Microsoft Basic Render Driver' (Feature Level 11_0)
[2022.09.25-21.13.09:832][  0]LogD3D11RHI:       0/0/32732 MB DedicatedVideo/DedicatedSystem/SharedSystem, Outputs:0, VendorId:0x1414
[2022.09.25-21.13.09:832][  0]LogD3D11RHI: Chosen D3D11 Adapter:
[2022.09.25-21.13.09:832][  0]LogD3D11RHI:     Description : NVIDIA GeForce RTX 3080
[2022.09.25-21.13.09:832][  0]LogD3D11RHI:     VendorId    : 10de
[2022.09.25-21.13.09:832][  0]LogD3D11RHI:     DeviceId    : 220a
[2022.09.25-21.13.09:832][  0]LogD3D11RHI:     SubSysId    : 48773842
[2022.09.25-21.13.09:832][  0]LogD3D11RHI:     Revision    : 00a1
[2022.09.25-21.13.09:832][  0]LogD3D11RHI:     DedicatedVideoMemory : 12704546816 bytes
[2022.09.25-21.13.09:832][  0]LogD3D11RHI:     DedicatedSystemMemory : 0 bytes
[2022.09.25-21.13.09:832][  0]LogD3D11RHI:     SharedSystemMemory : 34322814976 bytes
[2022.09.25-21.13.09:832][  0]LogD3D11RHI:     AdapterLuid : 0 65447
[2022.09.25-21.13.09:844][  0]LogD3D11RHI: Creating new Direct3DDevice
[2022.09.25-21.13.09:844][  0]LogD3D11RHI:     GPU DeviceId: 0x220a (for the marketing name, search the web for "GPU Device Id")
[2022.09.25-21.13.09:844][  0]LogWindows: EnumDisplayDevices:
[2022.09.25-21.13.09:845][  0]LogWindows:    0. 'NVIDIA GeForce RTX 3080' (P:1 D:1)
[2022.09.25-21.13.09:845][  0]LogWindows:    1. 'NVIDIA GeForce RTX 3080' (P:0 D:1)
[2022.09.25-21.13.09:845][  0]LogWindows:    2. 'NVIDIA GeForce RTX 3080' (P:0 D:0)
[2022.09.25-21.13.09:845][  0]LogWindows:    3. 'NVIDIA GeForce RTX 3080' (P:0 D:0)
[2022.09.25-21.13.09:845][  0]LogWindows: DebugString: FoundDriverCount:4 
[2022.09.25-21.13.09:845][  0]LogD3D11RHI:     Adapter Name: NVIDIA GeForce RTX 3080
[2022.09.25-21.13.09:845][  0]LogD3D11RHI:   Driver Version: 516.94 (internal:31.0.15.1694, unified:516.94)
[2022.09.25-21.13.09:845][  0]LogD3D11RHI:      Driver Date: 7-21-2022
[2022.09.25-21.13.09:845][  0]LogRHI: Texture pool is 8481 MB (70% of 12116 MB)
[2022.09.25-21.13.09:845][  0]LogD3D11RHI: Creating D3DDevice using adapter:
[2022.09.25-21.13.09:845][  0]LogD3D11RHI:     Description : NVIDIA GeForce RTX 3080
[2022.09.25-21.13.09:845][  0]LogD3D11RHI:     VendorId    : 10de
[2022.09.25-21.13.09:845][  0]LogD3D11RHI:     DeviceId    : 220a
[2022.09.25-21.13.09:845][  0]LogD3D11RHI:     SubSysId    : 48773842
[2022.09.25-21.13.09:845][  0]LogD3D11RHI:     Revision    : 00a1
[2022.09.25-21.13.09:845][  0]LogD3D11RHI:     DedicatedVideoMemory : 12704546816 bytes
[2022.09.25-21.13.09:845][  0]LogD3D11RHI:     DedicatedSystemMemory : 0 bytes
[2022.09.25-21.13.09:845][  0]LogD3D11RHI:     SharedSystemMemory : 34322814976 bytes
[2022.09.25-21.13.09:845][  0]LogD3D11RHI:     AdapterLuid : 0 65447
[2022.09.25-21.13.09:915][  0]LogD3D11RHI: RHI has support for 64 bit atomics
[2022.09.25-21.13.09:915][  0]LogD3D11RHI: Async texture creation enabled
[2022.09.25-21.13.09:915][  0]LogD3D11RHI: Array index from any shader is supported
[2022.09.25-21.13.09:917][  0]LogD3D11RHI: HDR output is supported on display 0 (NvId: 0x80061086).
[2022.09.25-21.13.09:939][  0]LogD3D11RHI: GPU Timing Frequency: 1000.000000 (Debug: 2 1)
[2022.09.25-21.13.09:951][  0]LogRHI: GeForceNow SDK initialized: 1
[2022.09.25-21.13.10:238][  0]LogTargetPlatformManager: Display: Loaded TargetPlatform 'WindowsNoEditor'
[2022.09.25-21.13.10:243][  0]LogTargetPlatformManager: Display: Loaded TargetPlatform 'Windows'
[2022.09.25-21.13.10:248][  0]LogTargetPlatformManager: Display: Loaded TargetPlatform 'WindowsClient'
[2022.09.25-21.13.10:253][  0]LogTargetPlatformManager: Display: Loaded TargetPlatform 'WindowsServer'
[2022.09.25-21.13.10:253][  0]LogTargetPlatformManager: Display: Building Assets For Windows
[2022.09.25-21.13.10:261][  0]LogAudioDebug: Display: Lib vorbis DLL was dynamically loaded.
[2022.09.25-21.13.10:295][  0]LogTextureFormatOodle: Display: Oodle Texture 2.9.0 init RDO Off
[2022.09.25-21.13.10:323][  0]LogRendererCore: Ray tracing is disabled. Reason: r.RayTracing=0.
[2022.09.25-21.13.10:323][  0]LogShaderCompilers: Guid format shader working directory is -80 characters bigger than the processId version (../../../../../../Users/proje/OneDrive/Documents/SNHU/GAM305/RED TEAM/gam-305-x1261-red/Sidescroller Game/Sidescroller2D_Game/Intermediate/Shaders/WorkingDirectory/44088/).
[2022.09.25-21.13.10:323][  0]LogShaderCompilers: Cleaned the shader compiler working directory 'C:/Users/proje/AppData/Local/Temp/UnrealShaderWorkingDir/AAE4AD0C479665D7225B9988D314D637/'.
[2022.09.25-21.13.10:323][  0]LogXGEController: Cannot use XGE Controller as Incredibuild is not installed on this machine.
[2022.09.25-21.13.10:323][  0]LogShaderCompilers: Cannot use XGE Shader Compiler as Incredibuild is not installed on this machine.
[2022.09.25-21.13.10:323][  0]LogShaderCompilers: Display: Using Local Shader Compiler.
[2022.09.25-21.13.10:982][  0]LogDerivedDataCache: Display: Max Cache Size: 512 MB
[2022.09.25-21.13.11:035][  0]LogDerivedDataCache: Loaded boot cache 0.05s 95MB C:/Users/proje/AppData/Local/UnrealEngine/4.27/DerivedDataCache/Boot.ddc.
[2022.09.25-21.13.11:035][  0]LogDerivedDataCache: Display: Loaded Boot cache: C:/Users/proje/AppData/Local/UnrealEngine/4.27/DerivedDataCache/Boot.ddc
[2022.09.25-21.13.11:035][  0]LogDerivedDataCache: FDerivedDataBackendGraph:  Pak pak cache file ../../../../../../Users/proje/OneDrive/Documents/SNHU/GAM305/RED TEAM/gam-305-x1261-red/Sidescroller Game/Sidescroller2D_Game/DerivedDataCache/DDC.ddp not found, will not use a pak cache.
[2022.09.25-21.13.11:035][  0]LogDerivedDataCache: Unable to find inner node Pak for hierarchical cache Hierarchy.
[2022.09.25-21.13.11:035][  0]LogDerivedDataCache: FDerivedDataBackendGraph:  CompressedPak pak cache file ../../../../../../Users/proje/OneDrive/Documents/SNHU/GAM305/RED TEAM/gam-305-x1261-red/Sidescroller Game/Sidescroller2D_Game/DerivedDataCache/Compressed.ddp not found, will not use a pak cache.
[2022.09.25-21.13.11:035][  0]LogDerivedDataCache: Unable to find inner node CompressedPak for hierarchical cache Hierarchy.
[2022.09.25-21.13.11:053][  0]LogDerivedDataCache: Display: Pak cache opened for reading ../../../Engine/DerivedDataCache/Compressed.ddp.
[2022.09.25-21.13.11:053][  0]LogDerivedDataCache: FDerivedDataBackendGraph:  EnterprisePak pak cache file ../../../Enterprise/DerivedDataCache/Compressed.ddp not found, will not use a pak cache.
[2022.09.25-21.13.11:053][  0]LogDerivedDataCache: Unable to find inner node EnterprisePak for hierarchical cache Hierarchy.
[2022.09.25-21.13.11:061][  0]LogDerivedDataCache: Speed tests for C:/Users/proje/AppData/Local/UnrealEngine/Common/DerivedDataCache took 0.01 seconds
[2022.09.25-21.13.11:061][  0]LogDerivedDataCache: Display: Performance to C:/Users/proje/AppData/Local/UnrealEngine/Common/DerivedDataCache: Latency=0.02ms. RandomReadSpeed=305.07MBs, RandomWriteSpeed=213.15MBs. Assigned SpeedClass 'Local'
[2022.09.25-21.13.11:062][  0]LogDerivedDataCache: Using Local data cache path C:/Users/proje/AppData/Local/UnrealEngine/Common/DerivedDataCache: Writable
[2022.09.25-21.13.11:062][  0]LogDerivedDataCache: Shared data cache path not found in *engine.ini, will not use an Shared cache.
[2022.09.25-21.13.11:062][  0]LogDerivedDataCache: Unable to find inner node Shared for hierarchical cache Hierarchy.
[2022.09.25-21.13.11:096][  0]LogSlate: Using FreeType 2.10.0
[2022.09.25-21.13.11:097][  0]LogSlate: SlateFontServices - WITH_FREETYPE: 1, WITH_HARFBUZZ: 1
[2022.09.25-21.13.11:210][  0]LogInit: Using OS detected language (en-US).
[2022.09.25-21.13.11:210][  0]LogInit: Using OS detected locale (en-US).
[2022.09.25-21.13.11:210][  0]LogTextLocalizationManager: No localization for 'en-US' exists, so 'en' will be used for the language.
[2022.09.25-21.13.11:211][  0]LogTextLocalizationManager: No localization for 'en-US' exists, so 'en' will be used for the locale.
[2022.09.25-21.13.11:211][  0]LogSlate: FontCache flush requested. Reason: Culture for localization was changed
[2022.09.25-21.13.11:211][  0]LogSlate: FontCache flush requested. Reason: Culture for localization was changed
[2022.09.25-21.13.11:214][  0]LogTextLocalizationManager: Compacting localization data took   0.01ms
[2022.09.25-21.13.11:214][  0]LogAssetRegistry: FAssetRegistry took 0.0022 seconds to start up
[2022.09.25-21.13.11:382][  0]LogPackageLocalizationCache: Processed 29 localized package path(s) for 1 prioritized culture(s) in 0.000962 seconds
[2022.09.25-21.13.11:447][  0]LogInit: Selected Device Profile: [Windows]
[2022.09.25-21.13.11:447][  0]LogInit: Active device profile: [00000298C484BB00][00000298BD4E7440 49] Windows
[2022.09.25-21.13.11:447][  0]LogInit: Profiles: [00000298C484BB00][00000298BD4E7440 49] Windows, [00000298C4844900][00000298BD4EF700 49] WindowsNoEditor, [00000298C4848900][00000298BD4F39C0 49] WindowsServer, [00000298C4847900][00000298BD4F6100 49] WindowsClient, [00000298C484B900][00000298BD4EA380 49] IOS, [00000298C4844100][00000298BD4FE640 49] iPadAir, [00000298C4848500][00000298BD502900 49] iPadAir2, [00000298C4810E00][00000298BD516E40 49] IPadPro, [00000298C4810F00][00000298BD506E80 49] iPadAir3, [00000298C484B700][00000298BD50F140 49] iPadAir4, [00000298C4810B00][00000298BD50B400 49] iPadMini2, [00000298C4848400][00000298BD5136C0 49] iPadMini3, [00000298C4811700][00000298BD51B980 49] iPadMini4, [00000298C484B600][00000298BD51E0C0 49] iPadMini5, [00000298C4847000][00000298BD52E580 49] iPhone6, [00000298C4846F00][00000298BD4FA5C0 49] iPodTouch6, [00000298C4813700][00000298BD2AAB00 49] iPhone7, [00000298C4813600][00000298BD52AB40 49] iPodTouch7, [00000298C4847E00][00000298BD2A2E00 49] iPhone5S, [00000298C4810600][00000298BD5270C0 49] iPhone6Plus, [00000298C4844F00][00000298BD2A7380 49] iPhone6S, [00000298C4813100][00000298BD2AF640 49] iPhone6SPlus, [00000298C4844300][00000298BD2B3900 49] iPhone7Plus, [00000298C4810200][00000298BD2B7BC0 49] iPhoneSE, [00000298C4846400][00000298BD2BA300 49] iPhone8, [00000298C4812C00][00000298BD522580 49] iPhone8Plus, [00000298C4844B00][00000298BD2BE800 49] iPhoneX, [00000298C4811000][00000298BD2C6AC0 49] iPhoneXS, [00000298C4846100][00000298BD2CAD80 49] iPhoneXSMax, [00000298C4812900][00000298BD2CF040 49] iPhoneXR, [00000298C4844800][00000298BD2D3300 49] iPhone11, [00000298C4810300][00000298BD2D75C0 49] iPhone11Pro, [00000298C4845D00][00000298BD2DB880 49] iPhone11ProMax, [00000298C4810900][00000298BD2DFB40 49] iPhoneSE2, [00000298C4846700][00000298BD2E2280 49] iPhone12Mini, [00000298C4811B00][00000298BD2E6540 49] iPhone12, [00000298C4845B00][00000298BD2C27C0 49] iPhone12Pro, [00000298C4810C00][00000298BD2EAA40 49] iPhone12ProMax, [00000298C4846B00][00000298BD2F2D00 49] iPadPro105, [00000298C4811D00][00000298BD2F6FC0 49] iPadPro129, [00000298C4847500][00000298BD2FB280 49] iPadPro97, [00000298C4812400][00000298BD2FF540 49] iPadPro2_129, [00000298C4845500][00000298BD303800 49] iPad5, [00000298C4812700][00000298BD307AC0 49] iPad6, [00000298C4845A00][00000298BD30A200 49] iPad7, [00000298C4813000][00000298BD30E4C0 49] iPad8, [00000298C4845700][00000298BD312780 49] iPadPro11, [00000298C4812100][00000298BD2EEA00 49] iPadPro2_11, [00000298C4846900][00000298BD316C80 49] iPadPro3_129, [00000298C4811800][00000298BD31EF40 49] iPadPro4_129, [00000298C4846200][00000298BD323200 49] AppleTV, [00000298C4812B00][00000298BD3274C0 49] AppleTV4K, [00000298C4847D00][00000298BD32B780 49] TVOS, [00000298C4813F00][00000298C5193A40 49] Mac, [00000298C4846C00][00000298C5196180 49] MacClient, [00000298C4813300][00000298C519A440 49] MacNoEditor, [00000298C4845800][00000298C519E700 49] MacServer, [00000298C4810400][00000298C51A29C0 49] Linux, [00000298C4844E00][00000298BD31AC40 49] LinuxAArch64, [00000298C4811200][00000298C51A6EC0 49] LinuxNoEditor, [00000298C4845000][00000298C51AF180 49] LinuxAArch64NoEditor, [00000298C4812500][00000298C51B3440 49] LinuxClient, [00000298C4845300][00000298C51B7700 49] LinuxAArch64Client, [00000298C4812000][00000298C51BB9C0 49] LinuxServer, [00000298C4844700][00000298C51BE100 49] LinuxAArch64Server, [00000298C4813800][00000298C51C23C0 49] Android, [00000298C4844600][00000298C51C6680 49] Android_Low, [00000298C4848A00][00000298C51CA940 49] Android_Mid, [00000298C48E1600][00000298C51CEC00 49] Android_High, [00000298C484A800][00000298C51AAE80 49] Android_Default, [00000298C48E1300][00000298C51D3100 49] Android_Adreno4xx, [00000298C484B200][00000298C51DB3C0 49] Android_Adreno5xx_Low, [00000298C48E1000][00000298C51DF680 49] Android_Adreno5xx, [00000298C484AA00][00000298C51E3940 49] Android_Adreno6xx, [00000298C48E2300][00000298C51E7C00 49] Android_Adreno6xx_Vulkan, [00000298C4848800][00000298C51EA340 49] Android_Mali_T6xx, [00000298C48E0B00][00000298C51EE600 49] Android_Mali_T7xx, [00000298C484A300][00000298C51F28C0 49] Android_Mali_T8xx, [00000298C48E1E00][00000298C51F6B80 49] Android_Mali_G71, [00000298C4848B00][00000298C51FAE40 49] Android_Mali_G72, [00000298C48E0800][00000298C51D70C0 49] Android_Mali_G72_Vulkan, [00000298C4849900][00000298C51FF340 49] Android_Mali_G76, [00000298C48E0500][00000298C5207600 49] Android_Mali_G76_Vulkan, [00000298C484B300][00000298C520B8C0 49] Android_Mali_G77, [00000298C48E1C00][00000298C520FB80 49] Android_Mali_G77_Vulkan, [00000298C4848100][00000298C52122C0 49] Android_Mali_G78, [00000298C48E1200][00000298C5216580 49] Android_Mali_G78_Vulkan, [00000298C4846800][00000298C521A840 49] Android_Mali_G710, [00000298C4810800][00000298C521EB00 49] Android_Mali_G710_Vulkan, [00000298C4846300][00000298C5222DC0 49] Android_Vulkan_SM5, [00000298C4811300][00000298C5227080 49] Android_PowerVR_G6xxx, [00000298C4845600][00000298C5203300 49] Android_PowerVR_GT7xxx, [00000298C48E1D00][00000298C522B580 49] Android_PowerVR_GE8xxx, [00000298C4845200][00000298C5233840 49] Android_PowerVR_GM9xxx, [00000298C48E0F00][00000298C5237B00 49] Android_PowerVR_GM9xxx_Vulkan, [00000298C4844C00][00000298C523A240 49] Android_TegraK1, [00000298C48E0400][00000298C523E500 49] Android_Unknown_Vulkan, [00000298C4845900][00000298C52427C0 49] Lumin, [00000298C48E1400][00000298C5246A80 49] Lumin_Desktop, [00000298C4845C00][00000298C524AD40 49] HoloLens, 
[2022.09.25-21.13.11:555][  0]LogMeshReduction: Using QuadricMeshReduction for automatic static mesh reduction
[2022.09.25-21.13.11:555][  0]LogMeshReduction: Using SimplygonMeshReduction for automatic skeletal mesh reduction
[2022.09.25-21.13.11:555][  0]LogMeshReduction: Using ProxyLODMeshReduction for automatic mesh merging
[2022.09.25-21.13.11:555][  0]LogMeshReduction: No distributed automatic mesh merging module available
[2022.09.25-21.13.11:555][  0]LogMeshMerging: No distributed automatic mesh merging module available
[2022.09.25-21.13.11:684][  0]LogNetVersion: Sidescroller2D_Game 1.0.0, NetCL: 17155196, EngineNetVer: 17, GameNetVer: 0 (Checksum: 2510425712)
[2022.09.25-21.13.11:896][  0]LogTexture: Default maximum texture size for cubemaps generated from long-lat sources has been changed from 512 to unlimited. In order to preserve old behaiour for '/Engine/MapTemplates/Sky/DaylightAmbientCubemap.DaylightAmbientCubemap', its maximum texture size has been explicitly set to 512.
[2022.09.25-21.13.11:943][  0]LogHMD: PokeAHoleMaterial loaded successfully
[2022.09.25-21.13.12:044][  0]LogMoviePlayer: Initializing movie player
[2022.09.25-21.13.12:139][  0]LogNiagaraDebuggerClient: Niagara Debugger Client Initialized | Session: A368D2894DA267258EF9A990E8D13FAD | Instance: D7053E3A4871CD3BE5CB2594B2652232 (HAL-9000-44088).
[2022.09.25-21.13.12:160][  0]LogCollectionManager: Loaded 0 collections in 0.001740 seconds
[2022.09.25-21.13.12:163][  0]LogFileCache: Scanning file cache for directory 'C:/Users/proje/OneDrive/Documents/SNHU/GAM305/RED TEAM/gam-305-x1261-red/Sidescroller Game/Sidescroller2D_Game/Saved/Collections/' took 0.00s
[2022.09.25-21.13.12:163][  0]LogFileCache: Scanning file cache for directory 'C:/Users/proje/OneDrive/Documents/SNHU/GAM305/RED TEAM/gam-305-x1261-red/Sidescroller Game/Sidescroller2D_Game/Content/Developers/XXIII/Collections/' took 0.00s
[2022.09.25-21.13.12:163][  0]LogFileCache: Scanning file cache for directory 'C:/Users/proje/OneDrive/Documents/SNHU/GAM305/RED TEAM/gam-305-x1261-red/Sidescroller Game/Sidescroller2D_Game/Content/Collections/' took 0.00s
[2022.09.25-21.13.12:163][  0]LogCollectionManager: Fixed up redirectors for 0 collections in 0.000001 seconds (updated 0 objects)
[2022.09.25-21.13.12:183][  0]LogPython: Using Python 3.7.7
[2022.09.25-21.13.12:646][  0]LogTcpMessaging: Initializing TcpMessaging bridge
[2022.09.25-21.13.12:649][  0]LogUdpMessaging: Initializing bridge on interface 0.0.0.0:0 to multicast group 230.0.0.1:6666.
[2022.09.25-21.13.12:724][  0]SourceControl: Source control is disabled
[2022.09.25-21.13.12:724][  0]SourceControl: Source control is disabled
[2022.09.25-21.13.12:726][  0]SourceControl: Source control is disabled
[2022.09.25-21.13.12:734][  0]LogUProjectInfo: Found projects:
[2022.09.25-21.13.12:800][  0]LogOpenImageDenoise: OIDN starting up
[2022.09.25-21.13.12:831][  0]LogAndroidPermission: UAndroidPermissionCallbackProxy::GetInstance
[2022.09.25-21.13.12:843][  0]LogAudioCaptureCore: Display: No Audio Capture implementations found. Audio input will be silent.
[2022.09.25-21.13.12:843][  0]LogAudioCaptureCore: Display: No Audio Capture implementations found. Audio input will be silent.
[2022.09.25-21.13.12:908][  0]LogOcInput: OculusInput pre-init called
[2022.09.25-21.13.12:916][  0]LogUObjectArray: 22330 objects as part of root set at end of initial load.
[2022.09.25-21.13.12:916][  0]LogUObjectAllocator: 6077872 out of 0 bytes used by permanent object pool.
[2022.09.25-21.13.12:916][  0]LogUObjectArray: CloseDisregardForGC: 0/0 objects in disregard for GC pool
[2022.09.25-21.13.12:964][  0]LogEngine: Initializing Engine...
[2022.09.25-21.13.13:048][  0]LogHMD: Failed to initialize OpenVR with code 108
[2022.09.25-21.13.13:061][  0]LogHMD: Optional extension XR_VARJO_quad_views is not available
[2022.09.25-21.13.13:061][  0]LogHMD: Warning: Required extension XR_EXT_eye_gaze_interaction is not available
[2022.09.25-21.13.13:061][  0]LogHMD: Could not enable all required OpenXR extensions for OpenXREyeTracker on current system. This plugin will be loaded but ignored, but will be enabled on a target platform that supports the required extension.
[2022.09.25-21.13.13:113][  0]LogHMD: Failed to create an OpenXR instance, result is XR_ERROR_RUNTIME_FAILURE. Please check if you have an OpenXR runtime installed. The following extensions were enabled:
[2022.09.25-21.13.13:113][  0]LogHMD: - XR_KHR_D3D11_enable
[2022.09.25-21.13.13:113][  0]LogHMD: - XR_KHR_D3D12_enable
[2022.09.25-21.13.13:113][  0]LogHMD: - XR_KHR_opengl_enable
[2022.09.25-21.13.13:113][  0]LogHMD: - XR_KHR_vulkan_enable
[2022.09.25-21.13.13:113][  0]LogHMD: - XR_KHR_composition_layer_depth
[2022.09.25-21.13.13:113][  0]LogHMD: - XR_KHR_visibility_mask
[2022.09.25-21.13.13:113][  0]LogHMD: - XR_EXT_hand_tracking
[2022.09.25-21.13.13:113][  0]LogMagicLeap: Warning: VR disabled because ZI is not enabled.  To enable, in the editor, Edit -> Project Settings -> Plugins -> Magic Leap Plugin -> Enable Zero Iteration
[2022.09.25-21.13.13:114][  0]LogStats: UGameplayTagsManager::InitializeManager -  0.000 s
[2022.09.25-21.13.13:195][  0]LogInit: Initializing FReadOnlyCVARCache
[2022.09.25-21.13.13:195][  0]LogAudio: Display: Initializing Audio Device Manager...
[2022.09.25-21.13.13:199][  0]LogAudio: Display: Loading Default Audio Settings Objects...
[2022.09.25-21.13.13:199][  0]LogAudio: Display: No default SoundConcurrencyObject specified (or failed to load).
[2022.09.25-21.13.13:200][  0]LogAudio: Display: Audio Device Manager Initialized
[2022.09.25-21.13.13:200][  0]LogAudio: Display: Creating Audio Device:                 Id: 1, Scope: Shared, Realtime: True
[2022.09.25-21.13.13:200][  0]LogAudioMixer: Display: Audio Mixer Platform Settings:
[2022.09.25-21.13.13:200][  0]LogAudioMixer: Display: 	Sample Rate:						  48000
[2022.09.25-21.13.13:200][  0]LogAudioMixer: Display: 	Callback Buffer Frame Size Requested: 1024
[2022.09.25-21.13.13:200][  0]LogAudioMixer: Display: 	Callback Buffer Frame Size To Use:	  1024
[2022.09.25-21.13.13:200][  0]LogAudioMixer: Display: 	Number of buffers to queue:			  2
[2022.09.25-21.13.13:200][  0]LogAudioMixer: Display: 	Max Channels (voices):				  32
[2022.09.25-21.13.13:200][  0]LogAudioMixer: Display: 	Number of Async Source Workers:		  0
[2022.09.25-21.13.13:200][  0]LogAudio: Display: AudioDevice MaxSources: 32
[2022.09.25-21.13.13:200][  0]LogAudio: Display: Audio Spatialization Plugin: None (built-in).
[2022.09.25-21.13.13:200][  0]LogAudio: Display: Audio Reverb Plugin: None (built-in).
[2022.09.25-21.13.13:200][  0]LogAudio: Display: Audio Occlusion Plugin: None (built-in).
[2022.09.25-21.13.13:200][  0]LogAudioMixer: Display: Initializing audio mixer.
[2022.09.25-21.13.13:214][  0]LogAudioMixer: Display: 0: FrontLeft
[2022.09.25-21.13.13:214][  0]LogAudioMixer: Display: 1: FrontRight
[2022.09.25-21.13.13:230][  0]LogAudioMixer: Display: Using Audio Device Dell AW3423DW (NVIDIA High Definition Audio)
[2022.09.25-21.13.13:235][  0]LogAudioMixer: Display: Initializing Sound Submixes...
[2022.09.25-21.13.13:236][  0]LogAudioMixer: Display: Creating Master Submix 'MasterSubmixDefault'
[2022.09.25-21.13.13:236][  0]LogAudioMixer: Display: Creating Master Submix 'MasterReverbSubmixDefault'
[2022.09.25-21.13.13:237][  0]LogAudioMixer: Display: Creating Master Submix 'MasterEQSubmixDefault'
[2022.09.25-21.13.13:237][  0]LogAudioMixer: FMixerPlatformXAudio2::StartAudioStream() called
[2022.09.25-21.13.13:237][  0]LogAudioMixer: Display: Output buffers initialized: Frames=1024, Channels=2, Samples=2048
[2022.09.25-21.13.13:238][  0]LogAudioMixer: Display: Starting AudioMixerPlatformInterface::RunInternal()
[2022.09.25-21.13.13:238][  0]LogAudioMixer: Display: FMixerPlatformXAudio2::SubmitBuffer() called for the first time
[2022.09.25-21.13.13:238][  0]LogInit: FAudioDevice initialized.
[2022.09.25-21.13.13:240][  0]LogNetVersion: Set ProjectVersion to 1.0.0.0. Version Checksum will be recalculated on next use.
[2022.09.25-21.13.13:240][  0]LogInit: Texture streaming: Enabled
[2022.09.25-21.13.13:294][  0]LogAudio: Display: Audio Device (ID: 1) registered with world 'Untitled'.
[2022.09.25-21.13.13:295][  0]LogSlate: Updating window title bar state: overlay mode, drag disabled, window buttons hidden, title bar hidden
[2022.09.25-21.13.13:296][  0]LogInit: Display: Game Engine Initialized.
[2022.09.25-21.13.13:296][  0]LogNiagaraEditor: GEditor isn't valid! Particle reset commands will not work for Niagara components!
[2022.09.25-21.13.13:396][  0]LogInit: Display: Starting Game.
[2022.09.25-21.13.13:396][  0]LogNet: Browse: /Game/2DSideScrollerBP/Maps/MainMenuMap?Name=Player
[2022.09.25-21.13.13:396][  0]LogLoad: LoadMap: /Game/2DSideScrollerBP/Maps/MainMenuMap?Name=Player
[2022.09.25-21.13.13:396][  0]LogWorld: BeginTearingDown for /Temp/Untitled_0
[2022.09.25-21.13.13:397][  0]LogWorld: UWorld::CleanupWorld for Untitled, bSessionEnded=true, bCleanupResources=true
[2022.09.25-21.13.13:397][  0]LogSlate: InvalidateAllWidgets triggered.  All widgets were invalidated
[2022.09.25-21.13.13:425][  0]LogAudio: Display: Audio Device unregistered from world 'None'.
[2022.09.25-21.13.13:427][  0]LogUObjectHash: Compacting FUObjectHashTables data took   0.78ms
[2022.09.25-21.13.13:530][  0]LogAudio: Display: Audio Device (ID: 1) registered with world 'MainMenuMap'.
[2022.09.25-21.13.13:538][  0]LogAIModule: Creating AISystem for world MainMenuMap
[2022.09.25-21.13.13:538][  0]LogLoad: Game class is 'MainMenuGameMode_C'
[2022.09.25-21.13.13:559][  0]LogWorld: Bringing World /Game/2DSideScrollerBP/Maps/MainMenuMap.MainMenuMap up for play (max tick rate 0) at 2022.09.25-16.13.13
[2022.09.25-21.13.13:560][  0]LogWorld: Bringing up level for play took: 0.020702
[2022.09.25-21.13.13:560][  0]LogGameMode: FindPlayerStart: PATHS NOT DEFINED or NO PLAYERSTART with positive rating
[2022.09.25-21.13.13:562][  0]LogLoad: Took 0.165769 seconds to LoadMap(/Game/2DSideScrollerBP/Maps/MainMenuMap)
[2022.09.25-21.13.13:733][  0]LogSlate: Took 0.000166 seconds to synchronously load lazily loaded font '../../../Engine/Content/Slate/Fonts/Roboto-Regular.ttf' (155K)
[2022.09.25-21.13.13:839][  0]LogRenderer: Reallocating scene render targets to support 1284x736 Format 10 NumSamples 1 (Frame:1).
[2022.09.25-21.13.13:839][  0]LogInit: Display: Engine is initialized. Leaving FEngineLoop::Init()
[2022.09.25-21.13.13:839][  0]LogLoad: (Engine Initialization) Total time: 6.43 seconds
[2022.09.25-21.13.13:839][  0]LogLoad: (Engine Initialization) Total Blueprint compile time: 0.00 seconds
[2022.09.25-21.13.13:841][  0]LogContentStreaming: Texture pool size now 1000 MB
[2022.09.25-21.13.13:843][  0]LogSlate: InvalidateAllWidgets triggered.  All widgets were invalidated
[2022.09.25-21.13.13:857][  1]LogSlate: Took 0.000108 seconds to synchronously load lazily loaded font '../../../Engine/Content/Slate/Fonts/Roboto-Regular.ttf' (155K)
[2022.09.25-21.13.17:094][967]LogNet: Browse: /Game/2DSideScrollerBP/Maps/2DSideScrollerExampleMap
[2022.09.25-21.13.17:094][967]LogLoad: LoadMap: /Game/2DSideScrollerBP/Maps/2DSideScrollerExampleMap
[2022.09.25-21.13.17:094][967]LogWorld: BeginTearingDown for /Game/2DSideScrollerBP/Maps/MainMenuMap
[2022.09.25-21.13.17:094][967]LogWorld: UWorld::CleanupWorld for MainMenuMap, bSessionEnded=true, bCleanupResources=true
[2022.09.25-21.13.17:094][967]LogSlate: InvalidateAllWidgets triggered.  All widgets were invalidated
[2022.09.25-21.13.17:128][967]LogAudio: Display: Audio Device unregistered from world 'None'.
[2022.09.25-21.13.17:132][967]LogUObjectHash: Compacting FUObjectHashTables data took   0.75ms
[2022.09.25-21.13.17:231][967]LogAudio: Display: Audio Device (ID: 1) registered with world '2DSideScrollerExampleMap'.
[2022.09.25-21.13.17:233][967]LogAIModule: Creating AISystem for world 2DSideScrollerExampleMap
[2022.09.25-21.13.17:243][967]LogLoad: Game class is '2DSideScrollerGameMode_C'
[2022.09.25-21.13.17:245][967]LogWorld: Bringing World /Game/2DSideScrollerBP/Maps/2DSideScrollerExampleMap.2DSideScrollerExampleMap up for play (max tick rate 0) at 2022.09.25-16.13.17
[2022.09.25-21.13.17:246][967]LogWorld: Bringing up level for play took: 0.001669
[2022.09.25-21.13.17:247][967]LogLoad: Took 0.152770 seconds to LoadMap(/Game/2DSideScrollerBP/Maps/2DSideScrollerExampleMap)
[2022.09.25-21.13.18:681][876]LogSlate: Window 'Sidescroller2D_Game (64-bit Development PCD3D_SM5) ' being destroyed
[2022.09.25-21.13.18:682][876]LogWindowsTextInputMethodSystem: Display: IME system deactivated.
[2022.09.25-21.13.18:689][876]LogWindowsTextInputMethodSystem: Display: IME system deactivated.
[2022.09.25-21.13.18:692][876]LogSlate: Updating window title bar state: overlay mode, drag disabled, window buttons hidden, title bar hidden
[2022.09.25-21.13.18:692][876]LogEngine: All Windows Closed
[2022.09.25-21.13.18:692][876]LogWindows: FPlatformMisc::RequestExit(0)
[2022.09.25-21.13.18:692][876]LogWindows: FPlatformMisc::RequestExitWithStatus(0, 0)
[2022.09.25-21.13.18:692][876]LogCore: Engine exit requested (reason: Win RequestExit)
[2022.09.25-21.13.18:692][877]LogCore: Engine exit requested (reason: EngineExit() was called; note: exit was already requested)
[2022.09.25-21.13.18:692][877]LogInit: Display: PreExit Game.
[2022.09.25-21.13.18:703][877]LogWorld: BeginTearingDown for /Game/2DSideScrollerBP/Maps/2DSideScrollerExampleMap
[2022.09.25-21.13.18:703][877]LogWorld: UWorld::CleanupWorld for 2DSideScrollerExampleMap, bSessionEnded=true, bCleanupResources=true
[2022.09.25-21.13.18:703][877]LogSlate: InvalidateAllWidgets triggered.  All widgets were invalidated
[2022.09.25-21.13.19:118][877]LogAudio: Display: Beginning Audio Device Manager Shutdown (Module: AudioMixerXAudio2)...
[2022.09.25-21.13.19:118][877]LogAudio: Display: Destroying 1 Remaining Audio Device(s)...
[2022.09.25-21.13.19:118][877]LogAudio: Display: Audio Device unregistered from world '2DSideScrollerExampleMap'.
[2022.09.25-21.13.19:120][877]LogAudioMixer: FMixerPlatformXAudio2::StopAudioStream() called
[2022.09.25-21.13.19:120][877]LogAudioMixer: FMixerPlatformXAudio2::StopAudioStream() called
[2022.09.25-21.13.19:122][877]LogAudio: Display: Audio Device Manager Shutdown
[2022.09.25-21.13.19:131][877]LogExit: Preparing to exit.
[2022.09.25-21.13.19:657][877]LogSlate: Updating window title bar state: overlay mode, drag disabled, window buttons hidden, title bar hidden
[2022.09.25-21.13.19:659][877]LogUObjectHash: Compacting FUObjectHashTables data took   0.76ms
